<?xml version="1.0" encoding="UTF-8"?>
<!-- Generated by org.testng.reporters.JUnitReportReporter -->
<testsuite hostname="alienM14X" name="com.app.testcases.WebPageTest" tests="2" failures="0" timestamp="2 Aug 2016 07:23:12 GMT" time="0.035" errors="0">
  <testcase name="playButton2" time="0.001" classname="com.app.testcases.WebPageTest"/>
  <testcase name="playButton" time="0.034" classname="com.app.testcases.WebPageTest"/>
</testsuite> <!-- com.app.testcases.WebPageTest -->
